20:07:28 **** Incremental Build of configuration Debug for project Area_Perieter_Advanced ****
Info: Internal Builder is used for build
g++ -O0 -g3 -Wall -c -fmessage-length=0 -o "src\\Area_Perieter_Advanced.o" "..\\src\\Area_Perieter_Advanced.cpp" 
..\src\Area_Perieter_Advanced.cpp: In function 'int main(int, char**)':
..\src\Area_Perieter_Advanced.cpp:19:6: error: initializer fails to determine size of 'rectangle'
  int rectangle[] = RECTANGLE_ARRAY;
      ^~~~~~~~~
..\src\Area_Perieter_Advanced.cpp:14:25: error: array must be initialized with a brace-enclosed initializer
 #define RECTANGLE_ARRAY 50;  /*STORE THE AMOUNT OF RECTANGLES*/
                         ^
..\src\Area_Perieter_Advanced.cpp:19:20: note: in expansion of macro 'RECTANGLE_ARRAY'
  int rectangle[] = RECTANGLE_ARRAY;
                    ^~~~~~~~~~~~~~~
..\src\Area_Perieter_Advanced.cpp:23:6: error: no match for 'operator>>' (operand types are 'std::istream {aka std::basic_istream<char>}' and 'int [1]')
  cin >> rectangle;
  ~~~~^~~~~~~~~~~~
In file included from c:\eclipse\eclipse\gcc\include\c++\7.2.0\fstream:38:0,
                 from ..\src\Area_Perieter_Advanced.cpp:7:
c:\eclipse\eclipse\gcc\include\c++\7.2.0\istream:168:7: note: candidate: std::basic_istream<_CharT, _Traits>::__istream_type& std::basic_istream<_CharT, _Traits>::operator>>(bool&) [with _CharT = char; _Traits = std::char_traits<char>; std::basic_istream<_CharT, _Traits>::__istream_type = std::basic_istream<char>] <near match>
       operator>>(bool& __n)
       ^~~~~~~~
c:\eclipse\eclipse\gcc\include\c++\7.2.0\istream:168:7: note:   conversion of argument 1 would be ill-formed:
..\src\Area_Perieter_Advanced.cpp:23:9: error: cannot bind non-const lvalue reference of type 'bool&' to an rvalue of type 'bool'
  cin >> rectangle;
         ^~~~~~~~~
In file included from c:\eclipse\eclipse\gcc\include\c++\7.2.0\fstream:38:0,
                 from ..\src\Area_Perieter_Advanced.cpp:7:
c:\eclipse\eclipse\gcc\include\c++\7.2.0\istream:172:7: note: candidate: std::basic_istream<_CharT, _Traits>& std::basic_istream<_CharT, _Traits>::operator>>(short int&) [with _CharT = char; _Traits = std::char_traits<char>] <near match>
       operator>>(short& __n);
       ^~~~~~~~
c:\eclipse\eclipse\gcc\include\c++\7.2.0\istream:172:7: note:   conversion of argument 1 would be ill-formed:
..\src\Area_Perieter_Advanced.cpp:23:9: error: invalid conversion from 'int*' to 'short int' [-fpermissive]
  cin >> rectangle;
         ^~~~~~~~~
..\src\Area_Perieter_Advanced.cpp:23:9: error: cannot bind rvalue '(short int)((int*)(& rectangle))' to 'short int&'
In file included from c:\eclipse\eclipse\gcc\include\c++\7.2.0\fstream:38:0,
                 from ..\src\Area_Perieter_Advanced.cpp:7:
c:\eclipse\eclipse\gcc\include\c++\7.2.0\istream:175:7: note: candidate: std::basic_istream<_CharT, _Traits>::__istream_type& std::basic_istream<_CharT, _Traits>::operator>>(short unsigned int&) [with _CharT = char; _Traits = std::char_traits<char>; std::basic_istream<_CharT, _Traits>::__istream_type = std::basic_istream<char>] <near match>
       operator>>(unsigned short& __n)
       ^~~~~~~~
c:\eclipse\eclipse\gcc\include\c++\7.2.0\istream:175:7: note:   conversion of argument 1 would be ill-formed:
..\src\Area_Perieter_Advanced.cpp:23:9: error: invalid conversion from 'int*' to 'short unsigned int' [-fpermissive]
  cin >> rectangle;
         ^~~~~~~~~
..\src\Area_Perieter_Advanced.cpp:23:9: error: cannot bind rvalue '(short unsigned int)((int*)(& rectangle))' to 'short unsigned int&'
In file included from c:\eclipse\eclipse\gcc\include\c++\7.2.0\fstream:38:0,
                 from ..\src\Area_Perieter_Advanced.cpp:7:
c:\eclipse\eclipse\gcc\include\c++\7.2.0\istream:179:7: note: candidate: std::basic_istream<_CharT, _Traits>& std::basic_istream<_CharT, _Traits>::operator>>(int&) [with _CharT = char; _Traits = std::char_traits<char>] <near match>
       operator>>(int& __n);
       ^~~~~~~~
c:\eclipse\eclipse\gcc\include\c++\7.2.0\istream:179:7: note:   conversion of argument 1 would be ill-formed:
..\src\Area_Perieter_Advanced.cpp:23:9: error: invalid conversion from 'int*' to 'int' [-fpermissive]
  cin >> rectangle;
         ^~~~~~~~~
..\src\Area_Perieter_Advanced.cpp:23:9: error: cannot bind rvalue '(int)((int*)(& rectangle))' to 'int&'
In file included from c:\eclipse\eclipse\gcc\include\c++\7.2.0\fstream:38:0,
                 from ..\src\Area_Perieter_Advanced.cpp:7:
c:\eclipse\eclipse\gcc\include\c++\7.2.0\istream:182:7: note: candidate: std::basic_istream<_CharT, _Traits>::__istream_type& std::basic_istream<_CharT, _Traits>::operator>>(unsigned int&) [with _CharT = char; _Traits = std::char_traits<char>; std::basic_istream<_CharT, _Traits>::__istream_type = std::basic_istream<char>] <near match>
       operator>>(unsigned int& __n)
       ^~~~~~~~
c:\eclipse\eclipse\gcc\include\c++\7.2.0\istream:182:7: note:   conversion of argument 1 would be ill-formed:
..\src\Area_Perieter_Advanced.cpp:23:9: error: invalid conversion from 'int*' to 'unsigned int' [-fpermissive]
  cin >> rectangle;
         ^~~~~~~~~
..\src\Area_Perieter_Advanced.cpp:23:9: error: cannot bind rvalue '(unsigned int)((int*)(& rectangle))' to 'unsigned int&'
In file included from c:\eclipse\eclipse\gcc\include\c++\7.2.0\fstream:38:0,
                 from ..\src\Area_Perieter_Advanced.cpp:7:
c:\eclipse\eclipse\gcc\include\c++\7.2.0\istream:186:7: note: candidate: std::basic_istream<_CharT, _Traits>::__istream_type& std::basic_istream<_CharT, _Traits>::operator>>(long int&) [with _CharT = char; _Traits = std::char_traits<char>; std::basic_istream<_CharT, _Traits>::__istream_type = std::basic_istream<char>] <near match>
       operator>>(long& __n)
       ^~~~~~~~
c:\eclipse\eclipse\gcc\include\c++\7.2.0\istream:186:7: note:   conversion of argument 1 would be ill-formed:
..\src\Area_Perieter_Advanced.cpp:23:9: error: invalid conversion from 'int*' to 'long int' [-fpermissive]
  cin >> rectangle;
         ^~~~~~~~~
..\src\Area_Perieter_Advanced.cpp:23:9: error: cannot bind rvalue '(long int)((int*)(& rectangle))' to 'long int&'
In file included from c:\eclipse\eclipse\gcc\include\c++\7.2.0\fstream:38:0,
                 from ..\src\Area_Perieter_Advanced.cpp:7:
c:\eclipse\eclipse\gcc\include\c++\7.2.0\istream:190:7: note: candidate: std::basic_istream<_CharT, _Traits>::__istream_type& std::basic_istream<_CharT, _Traits>::operator>>(long unsigned int&) [with _CharT = char; _Traits = std::char_traits<char>; std::basic_istream<_CharT, _Traits>::__istream_type = std::basic_istream<char>] <near match>
       operator>>(unsigned long& __n)
       ^~~~~~~~
c:\eclipse\eclipse\gcc\include\c++\7.2.0\istream:190:7: note:   conversion of argument 1 would be ill-formed:
..\src\Area_Perieter_Advanced.cpp:23:9: error: invalid conversion from 'int*' to 'long unsigned int' [-fpermissive]
  cin >> rectangle;
         ^~~~~~~~~
..\src\Area_Perieter_Advanced.cpp:23:9: error: cannot bind rvalue '(long unsigned int)((int*)(& rectangle))' to 'long unsigned int&'
In file included from c:\eclipse\eclipse\gcc\include\c++\7.2.0\fstream:38:0,
                 from ..\src\Area_Perieter_Advanced.cpp:7:
c:\eclipse\eclipse\gcc\include\c++\7.2.0\istream:195:7: note: candidate: std::basic_istream<_CharT, _Traits>::__istream_type& std::basic_istream<_CharT, _Traits>::operator>>(long long int&) [with _CharT = char; _Traits = std::char_traits<char>; std::basic_istream<_CharT, _Traits>::__istream_type = std::basic_istream<char>] <near match>
       operator>>(long long& __n)
       ^~~~~~~~
c:\eclipse\eclipse\gcc\include\c++\7.2.0\istream:195:7: note:   conversion of argument 1 would be ill-formed:
..\src\Area_Perieter_Advanced.cpp:23:9: error: invalid conversion from 'int*' to 'long long int' [-fpermissive]
  cin >> rectangle;
         ^~~~~~~~~
..\src\Area_Perieter_Advanced.cpp:23:9: error: cannot bind rvalue '(long long int)((int*)(& rectangle))' to 'long long int&'
In file included from c:\eclipse\eclipse\gcc\include\c++\7.2.0\fstream:38:0,
                 from ..\src\Area_Perieter_Advanced.cpp:7:
c:\eclipse\eclipse\gcc\include\c++\7.2.0\istream:199:7: note: candidate: std::basic_istream<_CharT, _Traits>::__istream_type& std::basic_istream<_CharT, _Traits>::operator>>(long long unsigned int&) [with _CharT = char; _Traits = std::char_traits<char>; std::basic_istream<_CharT, _Traits>::__istream_type = std::basic_istream<char>] <near match>
       operator>>(unsigned long long& __n)
       ^~~~~~~~
c:\eclipse\eclipse\gcc\include\c++\7.2.0\istream:199:7: note:   conversion of argument 1 would be ill-formed:
..\src\Area_Perieter_Advanced.cpp:23:9: error: invalid conversion from 'int*' to 'long long unsigned int' [-fpermissive]
  cin >> rectangle;
         ^~~~~~~~~
..\src\Area_Perieter_Advanced.cpp:23:9: error: cannot bind rvalue '(long long unsigned int)((int*)(& rectangle))' to 'long long unsigned int&'
In file included from c:\eclipse\eclipse\gcc\include\c++\7.2.0\fstream:38:0,
                 from ..\src\Area_Perieter_Advanced.cpp:7:
c:\eclipse\eclipse\gcc\include\c++\7.2.0\istream:235:7: note: candidate: std::basic_istream<_CharT, _Traits>::__istream_type& std::basic_istream<_CharT, _Traits>::operator>>(void*&) [with _CharT = char; _Traits = std::char_traits<char>; std::basic_istream<_CharT, _Traits>::__istream_type = std::basic_istream<char>] <near match>
       operator>>(void*& __p)
       ^~~~~~~~
c:\eclipse\eclipse\gcc\include\c++\7.2.0\istream:235:7: note:   conversion of argument 1 would be ill-formed:
..\src\Area_Perieter_Advanced.cpp:23:9: error: cannot bind non-const lvalue reference of type 'void*&' to an rvalue of type 'void*'
  cin >> rectangle;
         ^~~~~~~~~
In file included from c:\eclipse\eclipse\gcc\include\c++\7.2.0\fstream:38:0,
                 from ..\src\Area_Perieter_Advanced.cpp:7:
c:\eclipse\eclipse\gcc\include\c++\7.2.0\istream:120:7: note: candidate: std::basic_istream<_CharT, _Traits>::__istream_type& std::basic_istream<_CharT, _Traits>::operator>>(std::basic_istream<_CharT, _Traits>::__istream_type& (*)(std::basic_istream<_CharT, _Traits>::__istream_type&)) [with _CharT = char; _Traits = std::char_traits<char>; std::basic_istream<_CharT, _Traits>::__istream_type = std::basic_istream<char>]
       operator>>(__istream_type& (*__pf)(__istream_type&))
       ^~~~~~~~
c:\eclipse\eclipse\gcc\include\c++\7.2.0\istream:120:7: note:   no known conversion for argument 1 from 'int [1]' to 'std::basic_istream<char>::__istream_type& (*)(std::basic_istream<char>::__istream_type&) {aka std::basic_istream<char>& (*)(std::basic_istream<char>&)}'
c:\eclipse\eclipse\gcc\include\c++\7.2.0\istream:124:7: note: candidate: std::basic_istream<_CharT, _Traits>::__istream_type& std::basic_istream<_CharT, _Traits>::operator>>(std::basic_istream<_CharT, _Traits>::__ios_type& (*)(std::basic_istream<_CharT, _Traits>::__ios_type&)) [with _CharT = char; _Traits = std::char_traits<char>; std::basic_istream<_CharT, _Traits>::__istream_type = std::basic_istream<char>; std::basic_istream<_CharT, _Traits>::__ios_type = std::basic_ios<char>]
       operator>>(__ios_type& (*__pf)(__ios_type&))
       ^~~~~~~~
c:\eclipse\eclipse\gcc\include\c++\7.2.0\istream:124:7: note:   no known conversion for argument 1 from 'int [1]' to 'std::basic_istream<char>::__ios_type& (*)(std::basic_istream<char>::__ios_type&) {aka std::basic_ios<char>& (*)(std::basic_ios<char>&)}'
c:\eclipse\eclipse\gcc\include\c++\7.2.0\istream:131:7: note: candidate: std::basic_istream<_CharT, _Traits>::__istream_type& std::basic_istream<_CharT, _Traits>::operator>>(std::ios_base& (*)(std::ios_base&)) [with _CharT = char; _Traits = std::char_traits<char>; std::basic_istream<_CharT, _Traits>::__istream_type = std::basic_istream<char>]
       operator>>(ios_base& (*__pf)(ios_base&))
       ^~~~~~~~
c:\eclipse\eclipse\gcc\include\c++\7.2.0\istream:131:7: note:   no known conversion for argument 1 from 'int [1]' to 'std::ios_base& (*)(std::ios_base&)'
c:\eclipse\eclipse\gcc\include\c++\7.2.0\istream:214:7: note: candidate: std::basic_istream<_CharT, _Traits>::__istream_type& std::basic_istream<_CharT, _Traits>::operator>>(float&) [with _CharT = char; _Traits = std::char_traits<char>; std::basic_istream<_CharT, _Traits>::__istream_type = std::basic_istream<char>]
       operator>>(float& __f)
       ^~~~~~~~
c:\eclipse\eclipse\gcc\include\c++\7.2.0\istream:214:7: note:   no known conversion for argument 1 from 'int [1]' to 'float&'
c:\eclipse\eclipse\gcc\include\c++\7.2.0\istream:218:7: note: candidate: std::basic_istream<_CharT, _Traits>::__istream_type& std::basic_istream<_CharT, _Traits>::operator>>(double&) [with _CharT = char; _Traits = std::char_traits<char>; std::basic_istream<_CharT, _Traits>::__istream_type = std::basic_istream<char>]
       operator>>(double& __f)
       ^~~~~~~~
c:\eclipse\eclipse\gcc\include\c++\7.2.0\istream:218:7: note:   no known conversion for argument 1 from 'int [1]' to 'double&'
c:\eclipse\eclipse\gcc\include\c++\7.2.0\istream:222:7: note: candidate: std::basic_istream<_CharT, _Traits>::__istream_type& std::basic_istream<_CharT, _Traits>::operator>>(long double&) [with _CharT = char; _Traits = std::char_traits<char>; std::basic_istream<_CharT, _Traits>::__istream_type = std::basic_istream<char>]
       operator>>(long double& __f)
       ^~~~~~~~
c:\eclipse\eclipse\gcc\include\c++\7.2.0\istream:222:7: note:   no known conversion for argument 1 from 'int [1]' to 'long double&'
c:\eclipse\eclipse\gcc\include\c++\7.2.0\istream:259:7: note: candidate: std::basic_istream<_CharT, _Traits>& std::basic_istream<_CharT, _Traits>::operator>>(std::basic_istream<_CharT, _Traits>::__streambuf_type*) [with _CharT = char; _Traits = std::char_traits<char>; std::basic_istream<_CharT, _Traits>::__streambuf_type = std::basic_streambuf<char>]
       operator>>(__streambuf_type* __sb);
       ^~~~~~~~
c:\eclipse\eclipse\gcc\include\c++\7.2.0\istream:259:7: note:   no known conversion for argument 1 from 'int [1]' to 'std::basic_istream<char>::__streambuf_type* {aka std::basic_streambuf<char>*}'
In file included from c:\eclipse\eclipse\gcc\include\c++\7.2.0\string:53:0,
                 from c:\eclipse\eclipse\gcc\include\c++\7.2.0\bits\locale_classes.h:40,
                 from c:\eclipse\eclipse\gcc\include\c++\7.2.0\bits\ios_base.h:41,
                 from c:\eclipse\eclipse\gcc\include\c++\7.2.0\ios:42,
                 from c:\eclipse\eclipse\gcc\include\c++\7.2.0\istream:38,
                 from c:\eclipse\eclipse\gcc\include\c++\7.2.0\fstream:38,
                 from ..\src\Area_Perieter_Advanced.cpp:7:
c:\eclipse\eclipse\gcc\include\c++\7.2.0\bits\basic_string.tcc:1465:5: note: candidate: template<class _CharT, class _Traits, class _Alloc> std::basic_istream<_CharT, _Traits>& std::operator>>(std::basic_istream<_CharT, _Traits>&, std::__cxx11::basic_string<_CharT, _Traits, _Alloc>&)
     operator>>(basic_istream<_CharT, _Traits>& __in,
     ^~~~~~~~
c:\eclipse\eclipse\gcc\include\c++\7.2.0\bits\basic_string.tcc:1465:5: note:   template argument deduction/substitution failed:
..\src\Area_Perieter_Advanced.cpp:23:9: note:   mismatched types 'std::__cxx11::basic_string<_CharT, _Traits, _Alloc>' and 'int [1]'
  cin >> rectangle;
         ^~~~~~~~~
In file included from c:\eclipse\eclipse\gcc\include\c++\7.2.0\istream:991:0,
                 from c:\eclipse\eclipse\gcc\include\c++\7.2.0\fstream:38,
                 from ..\src\Area_Perieter_Advanced.cpp:7:
c:\eclipse\eclipse\gcc\include\c++\7.2.0\bits\istream.tcc:955:5: note: candidate: template<class _CharT2, class _Traits2> std::basic_istream<_CharT, _Traits>& std::operator>>(std::basic_istream<_CharT, _Traits>&, _CharT2*)
     operator>>(basic_istream<_CharT, _Traits>& __in, _CharT* __s)
     ^~~~~~~~
c:\eclipse\eclipse\gcc\include\c++\7.2.0\bits\istream.tcc:955:5: note:   template argument deduction/substitution failed:
..\src\Area_Perieter_Advanced.cpp:23:9: note:   deduced conflicting types for parameter '_CharT2' ('char' and 'int')
  cin >> rectangle;
         ^~~~~~~~~
In file included from c:\eclipse\eclipse\gcc\include\c++\7.2.0\istream:991:0,
                 from c:\eclipse\eclipse\gcc\include\c++\7.2.0\fstream:38,
                 from ..\src\Area_Perieter_Advanced.cpp:7:
c:\eclipse\eclipse\gcc\include\c++\7.2.0\bits\istream.tcc:923:5: note: candidate: template<class _CharT, class _Traits> std::basic_istream<_CharT, _Traits>& std::operator>>(std::basic_istream<_CharT, _Traits>&, _CharT&)
     operator>>(basic_istream<_CharT, _Traits>& __in, _CharT& __c)
     ^~~~~~~~
c:\eclipse\eclipse\gcc\include\c++\7.2.0\bits\istream.tcc:923:5: note:   template argument deduction/substitution failed:
..\src\Area_Perieter_Advanced.cpp:23:9: note:   deduced conflicting types for parameter '_CharT' ('char' and 'int [1]')
  cin >> rectangle;
         ^~~~~~~~~
In file included from c:\eclipse\eclipse\gcc\include\c++\7.2.0\fstream:38:0,
                 from ..\src\Area_Perieter_Advanced.cpp:7:
c:\eclipse\eclipse\gcc\include\c++\7.2.0\istream:756:5: note: candidate: template<class _Traits> std::basic_istream<char, _Traits>& std::operator>>(std::basic_istream<char, _Traits>&, unsigned char&)
     operator>>(basic_istream<char, _Traits>& __in, unsigned char& __c)
     ^~~~~~~~
c:\eclipse\eclipse\gcc\include\c++\7.2.0\istream:756:5: note:   template argument deduction/substitution failed:
..\src\Area_Perieter_Advanced.cpp:23:9: note:   cannot convert 'rectangle' (type 'int [1]') to type 'unsigned char&'
  cin >> rectangle;
         ^~~~~~~~~
In file included from c:\eclipse\eclipse\gcc\include\c++\7.2.0\fstream:38:0,
                 from ..\src\Area_Perieter_Advanced.cpp:7:
c:\eclipse\eclipse\gcc\include\c++\7.2.0\istream:761:5: note: candidate: template<class _Traits> std::basic_istream<char, _Traits>& std::operator>>(std::basic_istream<char, _Traits>&, signed char&)
     operator>>(basic_istream<char, _Traits>& __in, signed char& __c)
     ^~~~~~~~
c:\eclipse\eclipse\gcc\include\c++\7.2.0\istream:761:5: note:   template argument deduction/substitution failed:
..\src\Area_Perieter_Advanced.cpp:23:9: note:   cannot convert 'rectangle' (type 'int [1]') to type 'signed char&'
  cin >> rectangle;
         ^~~~~~~~~
In file included from c:\eclipse\eclipse\gcc\include\c++\7.2.0\fstream:38:0,
                 from ..\src\Area_Perieter_Advanced.cpp:7:
c:\eclipse\eclipse\gcc\include\c++\7.2.0\istream:803:5: note: candidate: template<class _Traits> std::basic_istream<char, _Traits>& std::operator>>(std::basic_istream<char, _Traits>&, unsigned char*)
     operator>>(basic_istream<char, _Traits>& __in, unsigned char* __s)
     ^~~~~~~~
c:\eclipse\eclipse\gcc\include\c++\7.2.0\istream:803:5: note:   template argument deduction/substitution failed:
..\src\Area_Perieter_Advanced.cpp:23:9: note:   cannot convert 'rectangle' (type 'int [1]') to type 'unsigned char*'
  cin >> rectangle;
         ^~~~~~~~~
In file included from c:\eclipse\eclipse\gcc\include\c++\7.2.0\fstream:38:0,
                 from ..\src\Area_Perieter_Advanced.cpp:7:
c:\eclipse\eclipse\gcc\include\c++\7.2.0\istream:808:5: note: candidate: template<class _Traits> std::basic_istream<char, _Traits>& std::operator>>(std::basic_istream<char, _Traits>&, signed char*)
     operator>>(basic_istream<char, _Traits>& __in, signed char* __s)
     ^~~~~~~~
c:\eclipse\eclipse\gcc\include\c++\7.2.0\istream:808:5: note:   template argument deduction/substitution failed:
..\src\Area_Perieter_Advanced.cpp:23:9: note:   cannot convert 'rectangle' (type 'int [1]') to type 'signed char*'
  cin >> rectangle;
         ^~~~~~~~~
In file included from c:\eclipse\eclipse\gcc\include\c++\7.2.0\fstream:38:0,
                 from ..\src\Area_Perieter_Advanced.cpp:7:
c:\eclipse\eclipse\gcc\include\c++\7.2.0\istream:980:5: note: candidate: template<class _Istream, class _Tp> typename std::enable_if<std::__and_<std::__not_<std::is_lvalue_reference<_Tp> >, std::__is_convertible_to_basic_istream<_Istream>, std::__is_extractable<typename std::__is_convertible_to_basic_istream<_Tp>::__istream_type, _Tp&&, void> >::value, typename std::__is_convertible_to_basic_istream<_Tp>::__istream_type>::type std::operator>>(_Istream&&, _Tp&&)
     operator>>(_Istream&& __is, _Tp&& __x)
     ^~~~~~~~
c:\eclipse\eclipse\gcc\include\c++\7.2.0\istream:980:5: note:   template argument deduction/substitution failed:
c:\eclipse\eclipse\gcc\include\c++\7.2.0\istream: In substitution of 'template<class _Istream, class _Tp> typename std::enable_if<std::__and_<std::__not_<std::is_lvalue_reference<_Tp> >, std::__is_convertible_to_basic_istream<_Istream>, std::__is_extractable<typename std::__is_convertible_to_basic_istream<_Tp>::__istream_type, _Tp&&, void> >::value, typename std::__is_convertible_to_basic_istream<_Tp>::__istream_type>::type std::operator>>(_Istream&&, _Tp&&) [with _Istream = std::basic_istream<char>&; _Tp = int (&)[1]]':
..\src\Area_Perieter_Advanced.cpp:23:9:   required from here
c:\eclipse\eclipse\gcc\include\c++\7.2.0\istream:980:5: error: no type named 'type' in 'struct std::enable_if<false, std::basic_istream<char>&>'
In file included from ..\src\Area_Perieter_Advanced.cpp:8:0:
c:\eclipse\eclipse\gcc\include\c++\7.2.0\iomanip:71:5: note: candidate: template<class _CharT, class _Traits> std::basic_istream<_CharT, _Traits>& std::operator>>(std::basic_istream<_CharT, _Traits>&, std::_Resetiosflags)
     operator>>(basic_istream<_CharT, _Traits>& __is, _Resetiosflags __f)
     ^~~~~~~~
c:\eclipse\eclipse\gcc\include\c++\7.2.0\iomanip:71:5: note:   template argument deduction/substitution failed:
..\src\Area_Perieter_Advanced.cpp:23:9: note:   cannot convert 'rectangle' (type 'int [1]') to type 'std::_Resetiosflags'
  cin >> rectangle;
         ^~~~~~~~~
In file included from ..\src\Area_Perieter_Advanced.cpp:8:0:
c:\eclipse\eclipse\gcc\include\c++\7.2.0\iomanip:101:5: note: candidate: template<class _CharT, class _Traits> std::basic_istream<_CharT, _Traits>& std::operator>>(std::basic_istream<_CharT, _Traits>&, std::_Setiosflags)
     operator>>(basic_istream<_CharT, _Traits>& __is, _Setiosflags __f)
     ^~~~~~~~
c:\eclipse\eclipse\gcc\include\c++\7.2.0\iomanip:101:5: note:   template argument deduction/substitution failed:
..\src\Area_Perieter_Advanced.cpp:23:9: note:   cannot convert 'rectangle' (type 'int [1]') to type 'std::_Setiosflags'
  cin >> rectangle;
         ^~~~~~~~~
In file included from ..\src\Area_Perieter_Advanced.cpp:8:0:
c:\eclipse\eclipse\gcc\include\c++\7.2.0\iomanip:132:5: note: candidate: template<class _CharT, class _Traits> std::basic_istream<_CharT, _Traits>& std::operator>>(std::basic_istream<_CharT, _Traits>&, std::_Setbase)
     operator>>(basic_istream<_CharT, _Traits>& __is, _Setbase __f)
     ^~~~~~~~
c:\eclipse\eclipse\gcc\include\c++\7.2.0\iomanip:132:5: note:   template argument deduction/substitution failed:
..\src\Area_Perieter_Advanced.cpp:23:9: note:   cannot convert 'rectangle' (type 'int [1]') to type 'std::_Setbase'
  cin >> rectangle;
         ^~~~~~~~~
In file included from ..\src\Area_Perieter_Advanced.cpp:8:0:
c:\eclipse\eclipse\gcc\include\c++\7.2.0\iomanip:170:5: note: candidate: template<class _CharT, class _Traits> std::basic_istream<_CharT, _Traits>& std::operator>>(std::basic_istream<_CharT, _Traits>&, std::_Setfill<_CharT>)
     operator>>(basic_istream<_CharT, _Traits>& __is, _Setfill<_CharT> __f)
     ^~~~~~~~
c:\eclipse\eclipse\gcc\include\c++\7.2.0\iomanip:170:5: note:   template argument deduction/substitution failed:
..\src\Area_Perieter_Advanced.cpp:23:9: note:   mismatched types 'std::_Setfill<_CharT>' and 'int*'
  cin >> rectangle;
         ^~~~~~~~~
In file included from ..\src\Area_Perieter_Advanced.cpp:8:0:
c:\eclipse\eclipse\gcc\include\c++\7.2.0\iomanip:200:5: note: candidate: template<class _CharT, class _Traits> std::basic_istream<_CharT, _Traits>& std::operator>>(std::basic_istream<_CharT, _Traits>&, std::_Setprecision)
     operator>>(basic_istream<_CharT, _Traits>& __is, _Setprecision __f)
     ^~~~~~~~
c:\eclipse\eclipse\gcc\include\c++\7.2.0\iomanip:200:5: note:   template argument deduction/substitution failed:
..\src\Area_Perieter_Advanced.cpp:23:9: note:   cannot convert 'rectangle' (type 'int [1]') to type 'std::_Setprecision'
  cin >> rectangle;
         ^~~~~~~~~
In file included from ..\src\Area_Perieter_Advanced.cpp:8:0:
c:\eclipse\eclipse\gcc\include\c++\7.2.0\iomanip:230:5: note: candidate: template<class _CharT, class _Traits> std::basic_istream<_CharT, _Traits>& std::operator>>(std::basic_istream<_CharT, _Traits>&, std::_Setw)
     operator>>(basic_istream<_CharT, _Traits>& __is, _Setw __f)
     ^~~~~~~~
c:\eclipse\eclipse\gcc\include\c++\7.2.0\iomanip:230:5: note:   template argument deduction/substitution failed:
..\src\Area_Perieter_Advanced.cpp:23:9: note:   cannot convert 'rectangle' (type 'int [1]') to type 'std::_Setw'
  cin >> rectangle;
         ^~~~~~~~~
In file included from ..\src\Area_Perieter_Advanced.cpp:8:0:
c:\eclipse\eclipse\gcc\include\c++\7.2.0\iomanip:264:5: note: candidate: template<class _CharT, class _Traits, class _MoneyT> std::basic_istream<_CharT, _Traits>& std::operator>>(std::basic_istream<_CharT, _Traits>&, std::_Get_money<_MoneyT>)
     operator>>(basic_istream<_CharT, _Traits>& __is, _Get_money<_MoneyT> __f)
     ^~~~~~~~
c:\eclipse\eclipse\gcc\include\c++\7.2.0\iomanip:264:5: note:   template argument deduction/substitution failed:
..\src\Area_Perieter_Advanced.cpp:23:9: note:   mismatched types 'std::_Get_money<_MoneyT>' and 'int*'
  cin >> rectangle;
         ^~~~~~~~~
In file included from ..\src\Area_Perieter_Advanced.cpp:8:0:
c:\eclipse\eclipse\gcc\include\c++\7.2.0\iomanip:418:5: note: candidate: template<class _CharT, class _Traits> std::basic_istream<_CharT, _Traits>& std::operator>>(std::basic_istream<_CharT, _Traits>&, std::_Get_time<_CharT>)
     operator>>(basic_istream<_CharT, _Traits>& __is, _Get_time<_CharT> __f)
     ^~~~~~~~
c:\eclipse\eclipse\gcc\include\c++\7.2.0\iomanip:418:5: note:   template argument deduction/substitution failed:
..\src\Area_Perieter_Advanced.cpp:23:9: note:   mismatched types 'std::_Get_time<_CharT>' and 'int*'
  cin >> rectangle;
         ^~~~~~~~~

20:07:29 Build Finished (took 1s.149ms)

